SF:lib\app\app.dart
DA:11,5
DA:13,5
DA:15,5
DA:16,5
DA:19,5
DA:20,8
DA:21,8
DA:23,5
DA:29,5
DA:30,5
DA:32,5
LF:11
LH:11
end_of_record
SF:lib\features\auth\presentation\pages\auth_page.dart
DA:12,22
DA:14,2
DA:15,2
DA:30,0
DA:31,0
DA:32,0
DA:33,0
DA:36,0
DA:38,0
DA:39,0
DA:40,0
DA:43,0
DA:46,0
DA:47,0
DA:49,0
DA:51,0
DA:53,0
DA:55,0
DA:58,0
DA:59,0
DA:63,0
DA:64,0
DA:65,0
DA:66,0
DA:69,0
DA:70,0
DA:74,0
DA:75,0
DA:76,0
DA:80,0
DA:81,0
DA:85,0
DA:86,0
DA:87,0
DA:90,0
DA:91,0
DA:94,0
DA:95,0
DA:98,2
DA:100,2
DA:101,6
DA:104,2
DA:106,2
DA:108,6
DA:109,2
DA:111,2
DA:113,8
DA:114,2
DA:115,2
DA:116,2
DA:117,2
DA:118,4
DA:119,2
DA:120,2
DA:125,2
DA:127,2
DA:129,2
DA:131,2
DA:132,2
DA:135,2
DA:139,2
DA:141,2
DA:142,2
DA:144,2
DA:146,2
DA:147,2
DA:149,2
DA:150,2
DA:151,2
DA:156,2
DA:158,2
DA:159,0
DA:161,0
DA:162,0
DA:164,0
DA:166,0
DA:167,0
DA:169,0
DA:170,0
DA:171,0
DA:176,0
DA:178,2
DA:180,2
DA:181,2
DA:182,4
DA:185,2
DA:186,4
DA:187,2
DA:188,4
DA:192,2
DA:193,2
DA:194,6
DA:197,2
DA:198,2
DA:199,2
DA:200,6
DA:201,6
DA:203,2
DA:206,2
DA:207,2
DA:208,2
DA:209,0
DA:210,2
DA:212,2
DA:216,2
DA:222,2
DA:224,2
DA:225,4
DA:226,0
DA:227,2
DA:228,2
DA:229,2
DA:230,2
DA:231,4
LF:114
LH:67
end_of_record
SF:lib\core\connectivity\bloc\connectivity_bloc.dart
DA:17,9
DA:18,6
DA:19,6
DA:21,6
DA:22,6
DA:25,3
DA:26,6
DA:27,12
DA:28,12
DA:29,0
DA:33,3
DA:34,6
DA:35,0
DA:37,6
DA:41,0
DA:43,0
DA:44,0
DA:48,0
DA:51,3
DA:53,9
DA:54,6
DA:55,0
DA:57,6
DA:59,3
DA:62,3
DA:64,12
DA:65,3
DA:68,3
DA:70,9
DA:71,6
DA:72,3
LF:31
LH:24
end_of_record
SF:lib\core\connectivity\bloc\connectivity_event.dart
DA:4,3
DA:6,3
DA:7,3
DA:15,3
DA:17,3
DA:18,6
LF:6
LH:6
end_of_record
SF:lib\core\connectivity\bloc\connectivity_state.dart
DA:4,5
DA:6,3
DA:7,3
DA:19,0
DA:21,0
DA:22,0
LF:6
LH:3
end_of_record
SF:lib\features\auth\presentation\bloc\auth_state.dart
DA:4,5
DA:6,3
DA:7,3
DA:17,3
DA:18,3
DA:19,6
DA:30,0
DA:31,0
DA:32,0
LF:9
LH:6
end_of_record
SF:lib\features\auth\presentation\bloc\auth_bloc.dart
DA:17,9
DA:18,6
DA:19,6
DA:20,6
DA:21,6
DA:22,6
DA:24,6
DA:25,6
DA:28,3
DA:29,6
DA:31,9
DA:32,6
DA:35,12
DA:36,3
DA:37,9
DA:38,0
DA:41,0
DA:44,0
DA:48,0
DA:52,0
DA:54,0
DA:55,0
DA:56,0
DA:58,0
DA:59,0
DA:61,0
DA:65,0
DA:69,0
DA:71,0
DA:72,0
DA:74,0
DA:78,0
DA:82,0
DA:86,0
DA:88,0
DA:92,0
DA:97,0
DA:99,0
DA:103,0
DA:104,0
DA:105,0
DA:108,3
DA:110,15
DA:111,6
DA:112,3
DA:115,3
DA:117,12
DA:118,3
DA:121,3
DA:123,9
DA:124,6
DA:125,3
LF:52
LH:26
end_of_record
SF:lib\features\auth\presentation\bloc\auth_event.dart
DA:4,3
DA:6,3
DA:7,3
DA:16,0
DA:18,0
DA:19,0
DA:26,0
DA:28,0
DA:29,0
LF:9
LH:3
end_of_record
SF:lib\features\user_settings\presentation\bloc\user_settings_state.dart
DA:4,5
DA:6,3
DA:7,3
DA:15,4
DA:17,3
DA:18,6
DA:24,0
DA:26,0
DA:27,0
LF:9
LH:6
end_of_record
SF:lib\features\user_settings\presentation\bloc\user_settings_bloc.dart
DA:25,9
DA:26,6
DA:27,6
DA:28,6
DA:29,6
DA:30,6
DA:31,6
DA:32,6
DA:33,6
DA:34,6
DA:36,6
DA:39,3
DA:43,6
DA:46,9
DA:48,6
DA:51,6
DA:54,0
DA:55,0
DA:56,0
DA:57,0
DA:58,0
DA:64,0
DA:65,0
DA:67,0
DA:70,0
DA:71,0
DA:73,0
DA:74,0
DA:77,0
DA:78,0
DA:79,0
DA:81,0
DA:84,0
DA:85,0
DA:86,0
DA:87,0
DA:89,0
DA:92,3
DA:97,15
DA:98,9
DA:100,0
DA:103,0
DA:107,3
DA:111,9
DA:112,6
DA:114,9
DA:118,3
DA:119,6
DA:120,3
DA:122,9
DA:125,3
DA:126,0
DA:130,12
DA:131,3
DA:134,9
DA:135,3
DA:138,3
DA:142,9
DA:145,0
DA:149,0
DA:152,3
DA:154,12
DA:155,3
DA:158,3
DA:160,12
DA:161,3
DA:164,3
DA:166,9
DA:167,6
DA:168,3
LF:70
LH:44
end_of_record
SF:lib\features\user_settings\presentation\bloc\user_settings_event.dart
DA:4,14
DA:6,3
DA:7,3
DA:14,3
DA:16,3
DA:17,6
DA:23,11
DA:25,0
DA:26,0
DA:32,11
DA:34,0
DA:35,0
DA:41,0
DA:43,0
DA:44,0
DA:50,0
DA:52,0
DA:53,0
DA:60,3
DA:62,3
DA:63,6
DA:69,3
DA:71,3
DA:72,6
DA:80,0
DA:82,0
DA:83,0
LF:27
LH:14
end_of_record
SF:lib\features\kanban\presentation\bloc\board\board_event.dart
DA:4,3
DA:6,0
DA:7,0
DA:15,3
DA:17,3
DA:18,6
DA:24,1
DA:26,1
DA:27,2
DA:34,1
DA:36,1
DA:37,3
DA:44,1
DA:46,1
DA:47,3
DA:53,1
DA:55,1
DA:56,2
DA:62,2
DA:66,0
DA:67,0
LF:21
LH:17
end_of_record
SF:lib\features\kanban\presentation\bloc\board\board_state.dart
DA:4,3
DA:6,3
DA:7,3
DA:15,3
DA:17,3
DA:18,6
DA:26,1
DA:32,1
DA:33,4
LF:9
LH:9
end_of_record
SF:lib\features\kanban\presentation\bloc\board\board_bloc.dart
DA:23,3
DA:30,6
DA:31,6
DA:32,6
DA:33,6
DA:34,6
DA:35,6
DA:36,6
DA:37,6
DA:39,6
DA:42,3
DA:43,6
DA:46,12
DA:47,9
DA:48,6
DA:49,0
DA:52,0
DA:56,3
DA:58,9
DA:60,6
DA:62,9
DA:65,1
DA:67,3
DA:69,2
DA:73,1
DA:75,4
DA:77,0
DA:81,1
DA:85,2
DA:86,1
DA:87,1
DA:89,6
DA:90,6
DA:92,0
DA:96,1
DA:98,3
DA:100,0
DA:104,2
DA:108,4
DA:110,2
DA:112,2
DA:113,4
DA:117,4
DA:118,3
DA:121,3
DA:124,3
DA:125,6
DA:127,3
DA:128,4
DA:129,4
DA:132,12
DA:135,3
DA:138,3
DA:140,9
DA:141,6
DA:142,3
DA:145,3
DA:148,3
DA:150,9
DA:151,6
DA:152,3
LF:61
LH:56
end_of_record
SF:lib\features\kanban\presentation\bloc\task\task_state.dart
DA:4,3
DA:6,3
DA:7,3
DA:15,2
DA:17,2
DA:18,4
DA:25,1
DA:27,1
DA:28,2
DA:34,0
DA:36,0
DA:37,0
LF:12
LH:9
end_of_record
SF:lib\features\kanban\presentation\bloc\task\task_event.dart
DA:4,3
DA:6,0
DA:7,0
DA:16,2
DA:18,2
DA:19,6
DA:25,0
DA:27,0
DA:28,0
DA:34,2
DA:36,2
DA:37,4
DA:46,1
DA:48,1
DA:49,3
DA:56,1
DA:58,1
DA:59,3
DA:66,0
DA:68,0
DA:69,0
DA:76,0
DA:78,0
DA:79,0
DA:86,0
DA:88,0
DA:89,0
DA:95,1
DA:97,1
DA:98,2
LF:30
LH:16
end_of_record
SF:lib\features\kanban\presentation\bloc\task\task_bloc.dart
DA:30,3
DA:45,6
DA:46,6
DA:47,6
DA:48,6
DA:50,6
DA:51,6
DA:53,6
DA:54,6
DA:55,6
DA:56,6
DA:57,6
DA:58,6
DA:60,6
DA:63,3
DA:64,6
DA:67,1
DA:68,4
DA:69,3
DA:72,1
DA:73,1
DA:74,3
DA:76,3
DA:80,0
DA:81,0
DA:84,0
DA:85,0
DA:88,0
DA:89,0
DA:92,1
DA:93,3
DA:96,2
DA:97,6
DA:98,6
DA:101,8
DA:102,8
DA:103,0
DA:104,0
DA:108,0
DA:112,0
DA:113,0
DA:116,2
DA:118,6
DA:120,8
DA:122,4
DA:123,4
DA:126,0
DA:127,0
DA:130,3
DA:132,9
DA:133,6
DA:134,3
DA:136,3
DA:139,3
DA:142,3
DA:143,6
DA:145,2
DA:146,0
DA:147,0
DA:150,8
DA:153,3
DA:156,3
DA:158,9
DA:159,5
DA:160,3
LF:65
LH:50
end_of_record
SF:lib\core\i18n\l10n.dart
DA:29,5
DA:30,5
DA:32,3
DA:33,6
DA:34,6
DA:43,3
DA:44,15
DA:45,6
LF:8
LH:8
end_of_record
SF:lib\core\theme\app_theme.dart
DA:4,10
DA:7,5
DA:9,5
DA:15,5
DA:19,10
DA:22,5
DA:23,5
DA:24,5
DA:29,5
DA:30,5
LF:10
LH:10
end_of_record
SF:lib\core\constants\routes.dart
DA:15,15
DA:16,5
DA:17,0
DA:18,0
DA:19,0
DA:20,0
LF:6
LH:2
end_of_record
SF:lib\app\pages\home_page.dart
DA:14,22
DA:16,3
DA:17,3
DA:47,0
DA:48,0
DA:51,3
DA:53,3
DA:54,9
DA:57,3
DA:59,12
DA:60,3
DA:61,3
DA:63,3
DA:64,9
DA:67,3
DA:69,3
DA:71,3
DA:75,3
DA:76,12
DA:79,3
DA:80,3
DA:82,0
DA:86,3
DA:88,0
DA:89,0
DA:94,12
DA:95,3
DA:96,3
DA:97,3
LF:29
LH:24
end_of_record
SF:lib\core\widgets\app_title.dart
DA:12,14
DA:14,5
DA:16,13
DA:18,5
DA:20,5
DA:21,10
DA:22,5
LF:7
LH:7
end_of_record
SF:lib\core\widgets\bottom_page_navigator.dart
DA:9,3
DA:15,3
DA:17,12
DA:18,3
DA:19,3
DA:20,9
DA:21,3
DA:22,12
DA:29,3
DA:33,3
DA:37,9
DA:38,9
DA:39,3
DA:40,9
DA:42,3
DA:43,12
DA:44,3
DA:45,9
DA:46,9
DA:49,3
DA:61,3
LF:21
LH:21
end_of_record
SF:lib\core\widgets\user_initials.dart
DA:5,3
DA:7,3
DA:9,6
DA:11,3
DA:12,9
DA:13,3
DA:14,6
LF:7
LH:7
end_of_record
SF:lib\features\calendar\presentation\pages\calendar_page.dart
DA:4,11
DA:6,0
DA:8,0
DA:9,0
DA:10,0
LF:5
LH:1
end_of_record
SF:lib\features\enternainment\presentation\pages\entertainment_page.dart
DA:4,11
DA:6,0
DA:8,0
DA:9,0
DA:10,0
LF:5
LH:1
end_of_record
SF:lib\features\finance\presentation\pages\finance_page.dart
DA:4,11
DA:6,0
DA:8,0
DA:9,0
DA:10,0
LF:5
LH:1
end_of_record
SF:lib\features\kanban\presentation\pages\kanban_page.dart
DA:15,22
DA:17,3
DA:18,3
DA:26,1
DA:27,1
DA:28,4
DA:29,1
DA:35,3
DA:38,3
DA:40,3
DA:42,9
DA:43,9
DA:46,3
DA:48,3
DA:49,3
DA:51,3
DA:52,3
DA:53,3
DA:54,3
DA:55,3
DA:56,2
DA:57,1
DA:59,2
DA:60,2
DA:63,0
DA:65,0
DA:71,3
DA:72,3
DA:73,3
DA:74,1
DA:75,3
DA:78,3
DA:80,4
DA:85,3
DA:86,3
DA:87,3
DA:89,3
DA:90,3
DA:92,6
DA:93,2
DA:94,2
DA:96,2
DA:97,2
DA:98,2
DA:103,6
DA:105,2
DA:107,2
DA:109,4
DA:110,2
DA:111,2
DA:113,6
DA:114,2
DA:115,4
DA:116,2
DA:119,2
DA:120,2
DA:122,2
DA:124,2
LF:58
LH:56
end_of_record
SF:lib\app\root.dart
DA:16,11
DA:18,3
DA:19,6
DA:22,5
DA:24,5
DA:25,5
DA:26,5
DA:27,5
DA:28,5
DA:29,5
DA:30,5
DA:31,3
DA:32,3
DA:34,3
DA:35,6
DA:37,3
DA:38,0
DA:40,3
DA:41,0
DA:44,3
DA:48,5
DA:49,3
DA:50,3
DA:52,3
DA:53,6
DA:55,3
DA:56,0
DA:57,0
DA:58,0
DA:59,0
DA:61,0
DA:64,3
DA:65,12
DA:67,0
DA:72,5
DA:73,5
DA:74,5
DA:75,5
DA:76,5
DA:77,5
DA:82,4
DA:83,4
DA:85,4
DA:88,8
LF:44
LH:36
end_of_record
SF:lib\core\util\dialogs\error_dialog.dart
DA:9,0
DA:16,0
DA:18,0
DA:19,0
DA:20,0
DA:21,0
DA:22,0
DA:44,0
DA:45,0
DA:47,0
DA:48,0
DA:49,0
DA:50,0
LF:13
LH:0
end_of_record
SF:lib\core\util\dialogs\info_dialog.dart
DA:15,3
DA:23,3
DA:25,3
DA:26,9
DA:27,6
DA:28,3
DA:29,3
DA:31,1
DA:32,1
DA:33,3
DA:35,3
DA:37,3
DA:38,3
DA:39,9
DA:61,2
DA:68,2
DA:71,4
DA:76,4
DA:77,0
LF:19
LH:18
end_of_record
SF:lib\core\util\dialogs\loading_dialog.dart
DA:11,0
DA:13,0
DA:17,0
DA:19,0
DA:22,0
DA:23,0
DA:24,0
DA:27,0
DA:50,3
DA:51,3
LF:10
LH:2
end_of_record
SF:lib\core\util\logger\logger.dart
DA:14,4
DA:16,4
DA:17,4
DA:18,8
DA:26,4
DA:27,8
DA:29,8
DA:31,4
DA:42,4
DA:43,12
DA:47,4
DA:53,8
DA:56,3
DA:62,6
DA:65,1
DA:71,2
DA:74,0
DA:80,0
DA:83,0
DA:89,0
DA:92,0
DA:98,0
LF:22
LH:16
end_of_record
SF:lib\features\user_settings\presentation\pages\user_settings_page.dart
DA:13,11
DA:15,0
DA:17,0
DA:18,0
DA:19,0
DA:21,0
DA:22,0
DA:23,0
DA:24,0
DA:25,0
DA:28,0
DA:29,0
DA:31,0
DA:33,0
DA:34,0
DA:35,0
DA:36,0
DA:37,0
DA:38,0
DA:39,0
DA:40,0
DA:41,0
DA:42,0
DA:45,0
DA:46,0
DA:47,0
DA:48,0
DA:49,0
DA:53,0
DA:54,0
DA:55,0
DA:56,0
DA:57,0
DA:58,0
DA:59,0
DA:60,0
DA:61,0
DA:62,0
DA:63,0
DA:66,0
DA:67,0
DA:68,0
DA:70,0
DA:74,0
DA:76,0
DA:84,0
DA:85,0
DA:86,0
DA:87,0
DA:88,0
DA:89,0
DA:90,0
DA:91,0
DA:92,0
DA:96,0
DA:97,0
DA:98,0
DA:102,0
DA:103,0
DA:104,0
DA:115,0
DA:116,0
DA:117,0
DA:118,0
DA:119,0
DA:121,0
DA:124,0
DA:125,0
DA:127,0
DA:128,0
DA:132,0
DA:134,0
LF:72
LH:1
end_of_record
SF:lib\core\extentions\icon_extension.dart
DA:5,0
DA:6,0
DA:8,0
DA:13,0
DA:14,0
DA:16,0
LF:6
LH:0
end_of_record
SF:lib\core\extentions\string_extension.dart
DA:23,3
DA:24,3
DA:25,9
DA:27,0
DA:29,0
DA:32,0
LF:6
LH:3
end_of_record
SF:lib\core\extentions\theme_mode_extension.dart
DA:4,0
DA:6,0
DA:8,0
DA:10,0
LF:4
LH:0
end_of_record
SF:lib\core\util\color_util.dart
DA:4,3
DA:5,12
LF:2
LH:2
end_of_record
SF:lib\core\util\datetime_util.dart
DA:2,1
DA:5,0
DA:6,0
DA:7,0
DA:9,0
DA:10,0
DA:12,0
DA:15,0
DA:18,0
DA:19,0
DA:22,0
DA:24,0
DA:25,0
DA:28,0
DA:29,0
DA:31,0
DA:32,0
DA:37,0
DA:38,0
DA:40,0
DA:53,0
LF:21
LH:1
end_of_record
SF:lib\core\widgets\app_slogan.dart
DA:6,11
DA:10,2
DA:12,2
DA:13,2
DA:15,2
DA:18,2
DA:19,4
DA:20,2
LF:8
LH:8
end_of_record
SF:lib\core\widgets\divider_with_label.dart
DA:5,2
DA:7,2
DA:9,8
DA:10,2
DA:13,2
DA:14,2
DA:16,2
DA:17,2
DA:18,4
DA:21,2
LF:10
LH:10
end_of_record
SF:lib\core\widgets\editable_list_tile.dart
DA:9,0
DA:17,0
DA:18,0
DA:24,0
DA:26,0
DA:28,0
DA:29,0
DA:30,0
DA:31,0
DA:32,0
DA:35,0
DA:36,0
DA:37,0
DA:38,0
DA:39,0
DA:41,0
DA:42,0
DA:45,0
DA:46,0
DA:47,0
DA:48,0
DA:56,0
DA:57,0
DA:58,0
DA:59,0
LF:25
LH:0
end_of_record
SF:lib\core\widgets\form\form_widgets\form_date_picker.dart
DA:10,1
DA:19,1
DA:20,1
DA:27,0
DA:28,0
DA:29,0
DA:30,0
DA:31,0
DA:32,0
DA:35,0
DA:38,1
DA:39,1
DA:40,4
DA:41,4
DA:43,0
DA:46,1
DA:48,5
DA:50,3
DA:51,1
DA:54,1
DA:56,1
DA:57,2
DA:58,1
DA:59,2
DA:60,4
DA:61,1
DA:62,1
DA:64,2
DA:69,1
LF:29
LH:21
end_of_record
SF:lib\core\widgets\form\form_widgets\form_drop_down_menu_button.dart
DA:12,2
DA:22,2
DA:23,2
DA:29,1
DA:30,2
DA:31,1
DA:32,3
DA:36,2
DA:37,4
DA:40,10
DA:41,0
DA:42,0
DA:46,2
DA:48,10
DA:50,2
DA:51,6
DA:52,2
DA:55,2
DA:57,6
DA:58,1
DA:59,2
DA:60,1
DA:63,2
DA:66,2
DA:67,4
DA:68,2
DA:69,4
DA:70,2
DA:72,2
DA:75,2
DA:78,2
DA:79,2
DA:80,4
DA:85,2
DA:86,4
DA:87,2
DA:89,2
DA:95,2
LF:38
LH:36
end_of_record
SF:lib\core\widgets\form\form_widgets\form_field.dart
DA:14,2
DA:26,2
DA:28,6
DA:30,2
DA:31,2
DA:32,2
DA:33,2
DA:35,2
DA:36,6
DA:37,2
DA:38,8
DA:39,6
DA:41,2
DA:42,12
DA:47,2
DA:48,2
DA:49,2
DA:50,2
DA:52,2
DA:53,0
LF:20
LH:19
end_of_record
SF:lib\core\widgets\form\form_widgets\form_modal_bottom_sheet.dart
DA:10,2
DA:16,0
DA:17,0
DA:19,0
DA:20,0
DA:21,0
DA:26,4
DA:27,2
DA:28,2
DA:35,2
DA:40,2
DA:42,6
DA:43,2
DA:46,2
DA:47,8
DA:48,2
DA:49,2
DA:50,6
DA:55,2
DA:58,2
DA:59,2
DA:61,6
LF:22
LH:17
end_of_record
SF:lib\core\widgets\form\form_widgets\form_title.dart
DA:9,2
DA:17,2
DA:19,8
DA:20,2
DA:22,2
DA:23,2
DA:24,2
DA:25,6
DA:28,2
DA:30,2
DA:31,4
DA:32,2
DA:33,4
LF:13
LH:13
end_of_record
SF:lib\features\auth\data\auth_data.dart
DA:9,3
DA:27,3
DA:29,3
DA:30,6
DA:32,0
DA:34,0
DA:37,0
DA:39,0
DA:40,0
DA:41,0
DA:45,0
DA:50,0
DA:52,0
DA:55,0
DA:56,0
DA:62,0
DA:67,0
DA:68,0
DA:72,0
DA:76,0
DA:79,0
DA:81,0
LF:22
LH:4
end_of_record
SF:lib\features\kanban\data\cloud_firestore\firestore_references.dart
DA:7,5
DA:24,5
DA:29,5
DA:31,15
DA:33,5
DA:35,15
DA:37,4
DA:39,12
DA:41,3
DA:43,9
LF:10
LH:10
end_of_record
SF:lib\features\kanban\data\data_sources\board_data_source.dart
DA:7,4
DA:16,4
DA:17,4
DA:19,2
DA:21,6
DA:24,4
DA:26,16
DA:29,4
DA:31,12
DA:32,14
DA:36,4
DA:37,8
DA:40,13
DA:41,4
LF:14
LH:14
end_of_record
SF:lib\features\kanban\data\models\board_model.dart
DA:4,3
DA:6,0
DA:7,0
DA:8,0
DA:9,0
DA:13,0
DA:14,0
DA:15,0
DA:16,0
DA:20,1
DA:21,3
DA:24,2
LF:12
LH:4
end_of_record
SF:lib\features\kanban\data\data_sources\task_data_source.dart
DA:8,4
DA:31,4
DA:32,4
DA:34,2
DA:36,4
DA:39,8
DA:41,8
DA:45,2
DA:47,8
DA:48,4
DA:50,8
DA:53,3
DA:55,12
DA:56,12
DA:59,3
DA:60,13
DA:62,2
DA:64,8
DA:65,4
DA:67,8
DA:68,2
DA:69,2
DA:73,2
DA:75,8
DA:76,4
DA:77,6
DA:79,8
LF:27
LH:27
end_of_record
SF:lib\features\kanban\data\models\task_model.dart
DA:6,4
DA:19,2
DA:20,4
DA:22,4
DA:23,2
DA:26,2
DA:27,2
DA:28,2
DA:29,2
DA:30,2
DA:31,2
DA:32,2
DA:33,4
DA:34,2
DA:35,2
DA:36,2
DA:37,3
DA:41,4
DA:42,4
DA:43,4
DA:44,4
DA:45,4
DA:46,4
DA:47,4
DA:48,8
DA:49,4
DA:50,6
DA:51,4
DA:53,8
DA:57,4
DA:58,4
DA:59,4
DA:60,4
DA:61,4
DA:62,4
DA:63,4
DA:64,4
DA:65,4
DA:66,4
DA:67,4
DA:68,4
DA:72,0
DA:76,0
DA:78,2
DA:91,2
DA:92,2
DA:93,2
DA:94,2
DA:95,2
DA:96,2
DA:97,2
DA:98,2
DA:99,2
DA:100,2
DA:101,2
LF:55
LH:53
end_of_record
SF:lib\features\kanban\domain\entities\board_entity.dart
DA:2,4
DA:7,1
DA:8,1
DA:9,1
DA:10,1
DA:14,6
DA:15,3
DA:16,3
DA:19,3
DA:20,6
DA:22,2
DA:23,6
DA:25,0
DA:26,0
LF:14
LH:12
end_of_record
SF:lib\features\kanban\domain\constants\enum\task_importance.dart
DA:6,2
DA:7,2
DA:8,2
DA:10,2
LF:4
LH:4
end_of_record
SF:lib\features\kanban\domain\entities\task_entity.dart
DA:15,6
DA:28,2
DA:40,2
DA:41,2
DA:42,1
DA:43,2
DA:44,2
DA:45,2
DA:46,2
DA:47,2
DA:48,2
DA:49,2
DA:50,2
DA:54,6
DA:55,3
DA:56,3
DA:57,3
DA:58,3
DA:59,3
DA:60,3
DA:61,3
DA:62,3
DA:63,3
DA:64,3
DA:67,3
DA:68,6
DA:70,3
DA:71,9
DA:73,3
DA:74,6
LF:30
LH:30
end_of_record
SF:lib\features\kanban\data\repositories\board_repository_impl.dart
DA:9,3
DA:11,1
DA:13,2
DA:14,3
DA:15,1
DA:18,3
DA:20,9
DA:21,13
DA:25,2
DA:27,2
DA:28,3
DA:29,2
DA:31,4
LF:13
LH:13
end_of_record
SF:lib\features\kanban\data\repositories\task_repository_impl.dart
DA:7,3
DA:10,1
DA:12,3
DA:15,2
DA:17,4
DA:20,1
DA:22,3
DA:25,1
DA:27,3
DA:30,1
DA:32,2
DA:33,1
DA:34,1
LF:13
LH:13
end_of_record
SF:lib\features\kanban\domain\exceptions\kanban_exception.dart
DA:4,2
DA:8,2
DA:12,1
DA:16,1
LF:4
LH:4
end_of_record
SF:lib\features\kanban\domain\usecases\board\create_board.dart
DA:6,4
DA:11,2
DA:12,5
DA:14,6
DA:16,4
DA:18,4
DA:20,6
DA:22,6
DA:25,2
DA:26,9
DA:29,2
DA:30,10
DA:31,2
LF:13
LH:13
end_of_record
SF:lib\features\kanban\domain\usecases\board\create_initial_board.dart
DA:5,3
DA:7,8
LF:2
LH:2
end_of_record
SF:lib\features\kanban\domain\usecases\board\delete_board.dart
DA:9,3
DA:11,1
DA:12,2
DA:14,5
DA:16,2
DA:18,2
DA:21,1
DA:22,2
DA:24,1
DA:25,1
DA:26,1
DA:28,1
DA:29,2
LF:13
LH:13
end_of_record
SF:lib\features\kanban\domain\usecases\board\read_boards.dart
DA:7,3
DA:9,9
LF:2
LH:2
end_of_record
SF:lib\features\kanban\domain\usecases\board\rename_board.dart
DA:12,3
DA:16,1
DA:17,1
DA:18,2
DA:20,3
DA:22,1
DA:24,1
DA:26,3
DA:27,4
DA:29,2
DA:30,1
DA:31,3
DA:35,1
DA:36,5
DA:37,0
DA:41,1
DA:45,2
DA:47,1
DA:48,0
DA:49,0
DA:52,1
DA:53,1
DA:55,2
DA:56,1
LF:24
LH:21
end_of_record
SF:lib\features\kanban\domain\usecases\board\update_board_index.dart
DA:6,3
DA:11,1
DA:12,2
DA:14,3
DA:16,1
DA:18,3
DA:20,1
DA:22,2
DA:24,1
DA:26,2
DA:28,3
DA:31,1
DA:32,4
LF:13
LH:13
end_of_record
SF:lib\features\kanban\domain\usecases\task\create_task.dart
DA:9,3
DA:11,1
DA:12,2
DA:14,4
DA:16,3
LF:5
LH:5
end_of_record
SF:lib\features\kanban\domain\usecases\task\delete_task.dart
DA:7,3
DA:9,1
DA:10,2
DA:11,3
DA:13,2
LF:5
LH:5
end_of_record
SF:lib\features\kanban\domain\usecases\task\get_task_stream.dart
DA:7,3
DA:9,6
LF:2
LH:2
end_of_record
SF:lib\features\kanban\domain\usecases\task\update_task.dart
DA:7,3
DA:9,1
DA:10,3
DA:11,2
DA:13,3
LF:5
LH:5
end_of_record
SF:lib\features\kanban\domain\usecases\task\update_task_assignee_uid.dart
DA:7,3
DA:9,0
DA:10,0
DA:12,0
DA:13,0
LF:5
LH:1
end_of_record
SF:lib\features\kanban\domain\usecases\task\update_task_importance.dart
DA:8,3
DA:10,0
DA:11,0
DA:13,0
DA:14,0
LF:5
LH:1
end_of_record
SF:lib\features\kanban\domain\usecases\task\update_task_status.dart
DA:7,3
DA:9,0
DA:10,0
DA:12,0
DA:13,0
LF:5
LH:1
end_of_record
SF:lib\features\kanban\util\parse_tasklist_into_taskmap.dart
DA:4,2
DA:8,2
DA:10,4
DA:11,6
DA:14,3
DA:15,3
LF:6
LH:6
end_of_record
SF:lib\features\kanban\presentation\extensions\task_importance_ui_extension.dart
DA:5,1
DA:7,1
DA:9,1
DA:11,0
DA:16,1
DA:18,1
DA:19,0
DA:20,1
DA:21,1
DA:22,0
LF:10
LH:7
end_of_record
SF:lib\features\kanban\presentation\widgets\form\board_form.dart
DA:11,1
DA:16,1
DA:19,1
DA:20,1
DA:33,1
DA:35,1
DA:36,1
DA:45,0
DA:46,1
DA:47,3
DA:49,3
DA:51,3
DA:54,1
DA:55,3
DA:57,2
DA:59,2
DA:60,1
DA:61,1
DA:62,4
DA:63,4
DA:67,1
DA:69,5
DA:72,1
DA:73,1
DA:74,1
DA:75,1
DA:76,1
DA:77,1
DA:78,1
DA:79,1
DA:83,1
DA:84,2
DA:85,3
DA:89,1
DA:91,1
DA:92,3
DA:93,3
DA:95,4
DA:98,1
DA:100,3
DA:101,1
DA:102,1
DA:104,1
DA:106,1
DA:108,1
DA:109,2
DA:110,1
DA:112,1
DA:113,1
DA:115,1
DA:116,2
DA:120,1
DA:121,1
DA:122,1
DA:123,2
DA:124,1
DA:125,3
DA:129,1
DA:130,1
DA:131,1
DA:132,1
DA:133,6
DA:134,2
DA:135,5
DA:137,3
DA:138,5
DA:140,1
DA:141,1
DA:142,1
DA:143,2
DA:144,1
DA:145,3
DA:147,1
DA:148,3
DA:149,2
DA:150,0
DA:159,1
DA:161,1
DA:162,1
DA:164,1
DA:165,1
DA:166,3
DA:167,3
DA:171,4
DA:172,4
DA:174,1
DA:176,3
DA:177,2
DA:182,1
LF:89
LH:87
end_of_record
SF:lib\features\kanban\presentation\widgets\form\task_form.dart
DA:16,1
DA:18,1
DA:19,1
DA:21,1
DA:22,1
DA:23,1
DA:36,1
DA:38,1
DA:39,1
DA:51,0
DA:53,1
DA:54,3
DA:55,2
DA:56,4
DA:58,3
DA:61,1
DA:62,2
DA:64,2
DA:66,1
DA:67,1
DA:68,4
DA:69,4
DA:72,1
DA:74,5
DA:77,1
DA:78,2
DA:79,3
DA:83,1
DA:84,1
DA:85,1
DA:86,1
DA:87,1
DA:88,1
DA:89,1
DA:90,1
DA:94,1
DA:96,1
DA:98,4
DA:99,3
DA:100,3
DA:101,3
DA:104,1
DA:106,1
DA:107,2
DA:108,3
DA:110,1
DA:112,1
DA:113,1
DA:114,1
DA:115,2
DA:116,1
DA:118,1
DA:119,1
DA:121,1
DA:122,2
DA:126,1
DA:127,1
DA:128,1
DA:129,2
DA:130,1
DA:131,3
DA:135,1
DA:136,1
DA:137,1
DA:138,2
DA:140,1
DA:141,3
DA:155,1
DA:156,1
DA:157,1
DA:158,3
DA:159,4
DA:160,1
DA:161,3
DA:162,1
DA:165,1
DA:167,1
DA:168,1
DA:169,1
DA:170,1
DA:171,1
DA:172,1
DA:174,1
DA:175,2
DA:176,5
DA:177,1
DA:178,3
DA:187,1
DA:188,1
DA:190,1
DA:191,2
DA:192,1
DA:193,3
DA:199,1
DA:201,1
DA:202,4
DA:207,1
DA:209,1
DA:210,4
DA:215,1
DA:217,1
DA:218,1
DA:220,1
DA:221,1
DA:222,3
DA:223,3
DA:227,4
DA:228,4
DA:230,1
DA:232,3
DA:233,2
DA:238,1
LF:112
LH:111
end_of_record
SF:lib\features\kanban\presentation\widgets\kanban\kanban_board.dart
DA:15,2
DA:21,2
DA:23,8
DA:26,8
DA:28,2
DA:30,2
DA:33,2
DA:34,6
DA:35,2
DA:36,2
DA:37,6
DA:40,2
DA:41,2
DA:42,4
DA:43,2
DA:44,2
DA:45,2
DA:52,2
DA:53,2
DA:54,2
DA:56,2
DA:57,2
DA:60,0
DA:61,0
DA:62,0
DA:63,0
DA:64,0
DA:74,2
DA:75,1
DA:95,2
DA:96,5
LF:31
LH:26
end_of_record
SF:lib\features\kanban\presentation\widgets\kanban\board_drag_target.dart
DA:15,2
DA:23,2
DA:25,9
DA:26,2
DA:27,2
DA:28,2
DA:29,0
DA:30,0
DA:31,0
DA:32,0
DA:35,2
DA:36,2
DA:37,8
DA:39,1
DA:42,1
DA:43,2
DA:44,1
DA:45,1
DA:46,1
LF:19
LH:15
end_of_record
SF:lib\features\kanban\presentation\widgets\kanban\kanban_tile.dart
DA:17,1
DA:24,1
DA:26,1
DA:28,1
DA:31,3
DA:33,1
DA:34,1
DA:35,1
DA:39,1
DA:40,1
DA:41,1
DA:42,1
DA:43,1
DA:44,1
DA:46,1
DA:62,1
DA:65,1
DA:67,1
DA:68,4
DA:71,1
DA:72,1
DA:74,1
DA:76,0
DA:77,0
DA:78,0
DA:80,0
DA:82,1
DA:83,3
DA:84,1
DA:85,4
DA:87,1
DA:89,1
DA:91,1
DA:92,1
DA:93,1
DA:95,2
DA:97,2
DA:100,1
DA:103,2
DA:104,2
DA:114,1
DA:117,1
DA:119,0
DA:120,0
DA:123,1
DA:125,1
DA:127,1
DA:128,3
DA:129,0
DA:131,0
DA:132,0
DA:133,0
DA:135,0
DA:161,0
DA:164,0
DA:166,0
DA:168,0
DA:169,0
DA:171,0
DA:174,0
DA:175,0
DA:176,0
DA:177,0
DA:178,0
DA:186,1
DA:189,1
DA:191,0
DA:192,0
DA:195,1
DA:198,1
DA:199,1
DA:200,3
DA:201,3
DA:203,3
DA:204,0
DA:205,0
DA:206,0
DA:207,0
DA:208,0
DA:209,0
DA:210,0
DA:211,0
DA:212,0
DA:215,0
DA:218,0
DA:228,1
DA:231,1
DA:233,1
DA:235,1
DA:236,2
DA:239,3
DA:241,2
DA:243,0
DA:244,0
LF:94
LH:57
end_of_record
SF:lib\features\kanban\presentation\widgets\kanban\kanban_add_task_button.dart
DA:6,2
DA:8,2
DA:10,2
DA:11,2
DA:13,2
DA:15,2
DA:17,6
DA:18,2
LF:8
LH:8
end_of_record
SF:lib\features\kanban\presentation\widgets\kanban\kanban_board_title.dart
DA:12,2
DA:14,2
DA:15,2
DA:23,5
DA:25,1
DA:26,2
DA:28,5
DA:30,1
DA:31,2
DA:34,1
DA:35,2
DA:37,1
DA:38,1
DA:39,4
DA:40,4
DA:44,1
DA:46,5
DA:49,1
DA:50,1
DA:51,2
DA:52,1
DA:57,5
DA:60,2
DA:62,2
DA:63,6
DA:66,2
DA:68,2
DA:69,5
DA:70,1
DA:72,1
DA:73,1
DA:74,1
DA:76,1
DA:79,1
DA:81,1
DA:86,1
DA:87,3
DA:89,0
DA:90,0
DA:95,2
DA:97,2
DA:102,2
DA:103,6
DA:104,6
DA:107,2
DA:109,2
DA:110,1
DA:111,1
DA:112,1
DA:113,1
DA:114,2
DA:116,1
DA:117,1
DA:118,2
DA:120,1
DA:121,1
DA:122,2
LF:57
LH:55
end_of_record
SF:lib\features\kanban\util\draggable_scroll_controller.dart
DA:9,0
DA:46,1
DA:53,2
DA:54,2
DA:55,2
DA:56,3
DA:57,2
DA:59,0
DA:60,0
DA:66,0
DA:67,0
DA:68,0
DA:69,0
DA:71,0
DA:72,0
DA:75,0
DA:77,0
DA:80,0
DA:82,0
DA:83,0
DA:85,0
DA:89,0
DA:90,0
DA:91,0
DA:93,0
DA:95,0
DA:96,0
DA:97,0
DA:98,0
DA:99,0
DA:102,0
DA:105,0
DA:107,0
LF:33
LH:6
end_of_record
SF:lib\features\user_settings\data\user_settings_data_source.dart
DA:9,3
DA:21,3
DA:22,3
DA:24,3
DA:25,9
DA:27,3
DA:29,9
DA:30,3
DA:32,4
DA:35,3
DA:37,15
DA:40,3
DA:42,15
DA:43,6
DA:44,3
DA:48,0
DA:50,0
DA:51,0
DA:52,0
LF:19
LH:15
end_of_record
SF:lib\features\user_settings\domain\entities\user_settings.dart
DA:11,4
DA:19,3
DA:20,3
DA:21,3
DA:22,3
DA:23,9
DA:24,3
DA:25,6
DA:29,3
DA:30,3
DA:31,3
DA:32,3
DA:33,6
DA:34,3
DA:35,6
DA:40,0
DA:44,0
DA:46,3
DA:47,6
LF:19
LH:17
end_of_record
SF:lib\injection_container.dart
DA:26,9
DA:28,3
DA:34,12
DA:35,18
DA:36,18
DA:37,12
DA:38,6
DA:39,6
DA:40,6
DA:41,6
DA:42,6
DA:43,6
DA:45,12
DA:46,6
DA:47,6
DA:48,6
DA:49,6
DA:50,6
DA:51,6
DA:52,6
DA:55,24
DA:56,18
DA:57,18
DA:58,18
DA:59,18
DA:60,18
DA:61,18
DA:64,18
DA:65,18
DA:66,6
DA:67,18
DA:68,18
DA:69,6
DA:70,18
DA:71,18
DA:74,6
DA:75,12
DA:76,6
DA:77,12
DA:80,6
DA:81,12
DA:82,6
DA:83,12
DA:84,6
DA:85,6
DA:86,6
DA:87,12
DA:90,9
DA:91,3
LF:49
LH:49
end_of_record
SF:lib\features\auth\data\auth_data_exception.dart
LF:0
LH:0
end_of_record
SF:lib\features\kanban\util\compare_task_maps.dart
DA:4,1
DA:6,1
DA:7,1
DA:10,1
DA:11,3
DA:12,3
DA:14,1
DA:17,1
DA:19,3
LF:9
LH:9
end_of_record
SF:lib\features\kanban\util\flatten_task_map.dart
DA:6,2
DA:7,2
DA:8,4
DA:9,4
DA:10,6
DA:13,2
DA:16,0
DA:17,0
DA:18,0
DA:19,0
DA:20,0
DA:21,0
DA:25,0
DA:28,0
DA:29,0
DA:31,0
DA:32,0
DA:33,0
DA:34,0
DA:35,0
LF:20
LH:6
end_of_record
