SF:lib\app\app.dart
DA:11,7
DA:13,7
DA:15,7
DA:16,7
DA:19,7
DA:20,12
DA:21,12
DA:23,7
DA:29,7
DA:30,7
DA:32,7
LF:11
LH:11
end_of_record
SF:lib\features\auth\presentation\pages\auth_page.dart
DA:12,26
DA:14,2
DA:15,2
DA:30,0
DA:31,0
DA:32,0
DA:33,0
DA:36,0
DA:38,0
DA:39,0
DA:40,0
DA:43,0
DA:46,0
DA:47,0
DA:49,0
DA:51,0
DA:53,0
DA:55,0
DA:58,0
DA:59,0
DA:63,0
DA:64,0
DA:65,0
DA:66,0
DA:69,0
DA:70,0
DA:74,0
DA:75,0
DA:76,0
DA:80,0
DA:81,0
DA:85,0
DA:86,0
DA:87,0
DA:90,0
DA:91,0
DA:94,0
DA:95,0
DA:98,2
DA:100,2
DA:101,6
DA:104,2
DA:106,2
DA:108,6
DA:109,2
DA:111,2
DA:113,8
DA:114,2
DA:115,2
DA:116,2
DA:117,2
DA:118,4
DA:119,2
DA:120,2
DA:125,2
DA:127,2
DA:129,2
DA:131,2
DA:132,2
DA:135,2
DA:139,2
DA:141,2
DA:142,2
DA:144,2
DA:146,2
DA:147,2
DA:149,2
DA:150,2
DA:151,2
DA:156,2
DA:158,2
DA:159,0
DA:161,0
DA:162,0
DA:164,0
DA:166,0
DA:167,0
DA:169,0
DA:170,0
DA:171,0
DA:176,0
DA:178,2
DA:180,2
DA:181,2
DA:182,4
DA:185,2
DA:186,4
DA:187,2
DA:188,4
DA:192,2
DA:193,2
DA:194,6
DA:197,2
DA:198,2
DA:199,2
DA:200,6
DA:201,6
DA:203,2
DA:206,2
DA:207,2
DA:208,2
DA:209,0
DA:210,2
DA:212,2
DA:216,2
DA:222,2
DA:224,2
DA:225,4
DA:226,0
DA:227,2
DA:228,2
DA:229,2
DA:230,2
DA:231,4
LF:114
LH:67
end_of_record
SF:lib\core\connectivity\bloc\connectivity_bloc.dart
DA:17,15
DA:18,10
DA:19,10
DA:21,10
DA:22,10
DA:25,5
DA:26,10
DA:27,20
DA:28,20
DA:29,0
DA:33,5
DA:34,10
DA:35,0
DA:37,10
DA:41,0
DA:43,0
DA:44,0
DA:48,0
DA:51,5
DA:53,15
DA:54,10
DA:55,0
DA:57,10
DA:59,5
DA:62,5
DA:64,20
DA:65,5
DA:68,5
DA:70,15
DA:71,10
DA:72,5
LF:31
LH:24
end_of_record
SF:lib\core\connectivity\bloc\connectivity_event.dart
DA:4,5
DA:6,5
DA:7,5
DA:15,5
DA:17,5
DA:18,10
LF:6
LH:6
end_of_record
SF:lib\core\connectivity\bloc\connectivity_state.dart
DA:4,7
DA:6,5
DA:7,5
DA:19,0
DA:21,0
DA:22,0
LF:6
LH:3
end_of_record
SF:lib\features\auth\presentation\bloc\auth_state.dart
DA:4,7
DA:6,5
DA:7,5
DA:17,5
DA:18,5
DA:19,10
DA:30,0
DA:31,0
DA:32,0
LF:9
LH:6
end_of_record
SF:lib\features\auth\presentation\bloc\auth_bloc.dart
DA:17,15
DA:18,10
DA:19,10
DA:20,10
DA:21,10
DA:22,10
DA:24,10
DA:25,10
DA:28,5
DA:29,10
DA:31,15
DA:32,10
DA:35,20
DA:36,5
DA:37,15
DA:38,0
DA:41,0
DA:44,0
DA:48,0
DA:52,0
DA:54,0
DA:55,0
DA:56,0
DA:58,0
DA:59,0
DA:61,0
DA:65,0
DA:69,0
DA:71,0
DA:72,0
DA:74,0
DA:78,0
DA:82,0
DA:86,0
DA:88,0
DA:92,0
DA:97,0
DA:99,0
DA:103,0
DA:104,0
DA:105,0
DA:108,5
DA:110,25
DA:111,10
DA:112,5
DA:115,5
DA:117,20
DA:118,5
DA:121,5
DA:123,15
DA:124,10
DA:125,5
LF:52
LH:26
end_of_record
SF:lib\features\auth\presentation\bloc\auth_event.dart
DA:4,5
DA:6,5
DA:7,5
DA:16,0
DA:18,0
DA:19,0
DA:26,0
DA:28,0
DA:29,0
LF:9
LH:3
end_of_record
SF:lib\features\user_settings\presentation\bloc\user_settings_state.dart
DA:4,7
DA:6,5
DA:7,5
DA:15,6
DA:17,5
DA:18,10
DA:24,0
DA:26,0
DA:27,0
LF:9
LH:6
end_of_record
SF:lib\features\user_settings\presentation\bloc\user_settings_bloc.dart
DA:25,15
DA:26,10
DA:27,10
DA:28,10
DA:29,10
DA:30,10
DA:31,10
DA:32,10
DA:33,10
DA:34,10
DA:36,10
DA:39,5
DA:43,10
DA:46,15
DA:48,10
DA:51,3
DA:54,0
DA:55,0
DA:56,0
DA:57,0
DA:58,0
DA:64,0
DA:65,0
DA:67,0
DA:70,0
DA:71,0
DA:73,0
DA:74,0
DA:77,0
DA:78,0
DA:79,0
DA:81,0
DA:84,0
DA:85,0
DA:86,0
DA:87,0
DA:89,0
DA:92,5
DA:97,25
DA:98,15
DA:100,0
DA:103,0
DA:107,5
DA:111,15
DA:112,10
DA:114,15
DA:118,5
DA:119,10
DA:120,5
DA:122,15
DA:125,5
DA:126,0
DA:130,20
DA:131,5
DA:134,15
DA:135,5
DA:138,5
DA:142,15
DA:145,0
DA:149,0
DA:152,5
DA:154,20
DA:155,5
DA:158,5
DA:160,20
DA:161,5
DA:164,5
DA:166,15
DA:167,10
DA:168,5
LF:70
LH:44
end_of_record
SF:lib\features\user_settings\presentation\bloc\user_settings_event.dart
DA:4,18
DA:6,5
DA:7,5
DA:14,5
DA:16,5
DA:17,10
DA:23,13
DA:25,0
DA:26,0
DA:32,13
DA:34,0
DA:35,0
DA:41,0
DA:43,0
DA:44,0
DA:50,0
DA:52,0
DA:53,0
DA:60,5
DA:62,5
DA:63,10
DA:69,5
DA:71,5
DA:72,10
DA:80,0
DA:82,0
DA:83,0
LF:27
LH:14
end_of_record
SF:lib\features\kanban\presentation\bloc\board\board_event.dart
DA:4,5
DA:6,0
DA:7,0
DA:15,5
DA:17,5
DA:18,10
DA:24,2
DA:26,2
DA:27,4
DA:34,1
DA:36,1
DA:37,3
DA:44,1
DA:46,1
DA:47,3
DA:53,2
DA:55,2
DA:56,4
DA:62,2
DA:66,0
DA:67,0
LF:21
LH:17
end_of_record
SF:lib\features\kanban\presentation\bloc\board\board_state.dart
DA:4,5
DA:6,5
DA:7,5
DA:15,5
DA:17,5
DA:18,10
DA:26,1
DA:32,1
DA:33,4
LF:9
LH:9
end_of_record
SF:lib\features\kanban\presentation\bloc\board\board_bloc.dart
DA:23,5
DA:30,10
DA:31,10
DA:32,10
DA:33,10
DA:34,10
DA:35,10
DA:36,10
DA:37,10
DA:39,10
DA:42,5
DA:43,10
DA:46,20
DA:47,15
DA:48,6
DA:49,0
DA:52,0
DA:56,5
DA:58,15
DA:60,10
DA:62,15
DA:65,2
DA:67,6
DA:69,2
DA:73,1
DA:75,4
DA:77,0
DA:81,1
DA:85,2
DA:86,1
DA:87,1
DA:89,6
DA:90,6
DA:92,0
DA:96,2
DA:98,6
DA:100,0
DA:104,2
DA:108,4
DA:110,2
DA:112,2
DA:113,4
DA:117,4
DA:118,3
DA:121,5
DA:124,5
DA:125,10
DA:127,5
DA:128,4
DA:129,4
DA:132,20
DA:135,5
DA:138,5
DA:140,15
DA:141,10
DA:142,5
DA:145,5
DA:148,5
DA:150,15
DA:151,10
DA:152,5
LF:61
LH:56
end_of_record
SF:lib\features\kanban\presentation\bloc\task\task_state.dart
DA:4,5
DA:6,5
DA:7,5
DA:15,5
DA:17,5
DA:18,10
DA:25,2
DA:27,2
DA:28,4
DA:34,0
DA:36,0
DA:37,0
LF:12
LH:9
end_of_record
SF:lib\features\kanban\presentation\bloc\task\task_event.dart
DA:4,5
DA:6,0
DA:7,0
DA:16,5
DA:18,5
DA:19,15
DA:25,0
DA:27,0
DA:28,0
DA:34,5
DA:36,5
DA:37,10
DA:46,2
DA:48,2
DA:49,6
DA:56,1
DA:58,1
DA:59,3
DA:66,0
DA:68,0
DA:69,0
DA:76,1
DA:78,1
DA:79,3
DA:86,0
DA:88,0
DA:89,0
DA:95,1
DA:97,1
DA:98,2
LF:30
LH:19
end_of_record
SF:lib\features\kanban\presentation\bloc\task\task_bloc.dart
DA:30,5
DA:45,10
DA:46,10
DA:47,10
DA:48,10
DA:50,10
DA:51,10
DA:53,10
DA:54,10
DA:55,10
DA:56,10
DA:57,10
DA:58,10
DA:60,10
DA:63,5
DA:64,10
DA:67,2
DA:68,8
DA:69,6
DA:72,1
DA:73,1
DA:74,3
DA:76,3
DA:80,0
DA:81,0
DA:84,0
DA:85,0
DA:88,1
DA:89,4
DA:92,1
DA:93,3
DA:96,5
DA:97,15
DA:98,15
DA:101,20
DA:102,20
DA:103,0
DA:104,8
DA:108,0
DA:112,0
DA:113,0
DA:116,5
DA:118,15
DA:120,20
DA:122,10
DA:123,10
DA:126,0
DA:127,0
DA:130,5
DA:132,15
DA:133,10
DA:134,5
DA:136,5
DA:139,5
DA:142,5
DA:143,10
DA:145,5
DA:146,0
DA:147,0
DA:150,20
DA:153,5
DA:156,5
DA:158,15
DA:159,10
DA:160,5
LF:65
LH:53
end_of_record
SF:lib\core\i18n\l10n.dart
DA:29,7
DA:30,7
DA:32,5
DA:33,10
DA:34,10
DA:43,4
DA:44,20
DA:45,8
LF:8
LH:8
end_of_record
SF:lib\core\theme\app_theme.dart
DA:4,14
DA:7,7
DA:9,7
DA:15,7
DA:19,14
DA:22,7
DA:23,7
DA:24,7
DA:29,7
DA:30,7
LF:10
LH:10
end_of_record
SF:lib\core\constants\routes.dart
DA:15,21
DA:16,7
DA:17,0
DA:18,0
DA:19,0
DA:20,0
LF:6
LH:2
end_of_record
SF:lib\app\pages\home_page.dart
DA:14,26
DA:16,5
DA:17,5
DA:47,0
DA:48,0
DA:51,5
DA:53,5
DA:54,15
DA:57,5
DA:59,20
DA:60,5
DA:61,5
DA:63,5
DA:64,15
DA:67,5
DA:69,5
DA:71,5
DA:75,5
DA:76,20
DA:79,5
DA:80,5
DA:82,0
DA:86,5
DA:88,0
DA:89,0
DA:94,20
DA:95,5
DA:96,5
DA:97,5
LF:29
LH:24
end_of_record
SF:lib\core\widgets\app_title.dart
DA:12,18
DA:14,7
DA:16,15
DA:18,7
DA:20,7
DA:21,14
DA:22,7
LF:7
LH:7
end_of_record
SF:lib\core\widgets\bottom_page_navigator.dart
DA:9,5
DA:15,5
DA:17,20
DA:18,5
DA:19,5
DA:20,15
DA:21,5
DA:22,20
DA:29,5
DA:33,5
DA:37,15
DA:38,15
DA:39,5
DA:40,15
DA:42,5
DA:43,20
DA:44,5
DA:45,15
DA:46,15
DA:49,5
DA:61,5
LF:21
LH:21
end_of_record
SF:lib\core\widgets\user_initials.dart
DA:5,5
DA:7,5
DA:9,10
DA:11,5
DA:12,15
DA:13,5
DA:14,10
LF:7
LH:7
end_of_record
SF:lib\features\calendar\presentation\pages\calendar_page.dart
DA:4,13
DA:6,0
DA:8,0
DA:9,0
DA:10,0
LF:5
LH:1
end_of_record
SF:lib\features\enternainment\presentation\pages\entertainment_page.dart
DA:4,13
DA:6,0
DA:8,0
DA:9,0
DA:10,0
LF:5
LH:1
end_of_record
SF:lib\features\finance\presentation\pages\finance_page.dart
DA:4,13
DA:6,0
DA:8,0
DA:9,0
DA:10,0
LF:5
LH:1
end_of_record
SF:lib\features\kanban\presentation\pages\kanban_page.dart
DA:15,26
DA:17,5
DA:18,5
DA:26,2
DA:27,2
DA:28,8
DA:29,2
DA:35,6
DA:38,5
DA:40,5
DA:42,15
DA:43,15
DA:46,5
DA:48,5
DA:49,5
DA:51,5
DA:52,5
DA:53,5
DA:54,5
DA:55,5
DA:56,2
DA:57,1
DA:59,2
DA:60,2
DA:63,0
DA:65,0
DA:71,5
DA:72,5
DA:73,5
DA:74,2
DA:75,6
DA:78,3
DA:80,4
DA:85,5
DA:86,5
DA:87,5
DA:89,5
DA:90,5
DA:92,10
DA:93,3
DA:94,3
DA:96,3
DA:97,3
DA:98,3
DA:103,15
DA:105,5
DA:107,5
DA:109,10
DA:110,5
DA:111,5
DA:113,15
DA:114,5
DA:115,10
DA:116,5
DA:119,5
DA:120,5
DA:122,5
DA:124,5
LF:58
LH:56
end_of_record
SF:lib\app\root.dart
DA:16,13
DA:18,5
DA:19,10
DA:22,7
DA:24,7
DA:25,7
DA:26,7
DA:27,7
DA:28,7
DA:29,7
DA:30,7
DA:31,5
DA:32,5
DA:34,5
DA:35,10
DA:37,5
DA:38,0
DA:40,5
DA:41,0
DA:44,5
DA:48,7
DA:49,5
DA:50,5
DA:52,5
DA:53,10
DA:55,5
DA:56,0
DA:57,0
DA:58,0
DA:59,0
DA:61,0
DA:64,5
DA:65,20
DA:67,0
DA:72,7
DA:73,7
DA:74,7
DA:75,7
DA:76,7
DA:77,7
DA:82,6
DA:83,6
DA:85,6
DA:88,12
LF:44
LH:36
end_of_record
SF:lib\core\util\dialogs\error_dialog.dart
DA:9,0
DA:16,0
DA:18,0
DA:19,0
DA:20,0
DA:21,0
DA:22,0
DA:44,0
DA:45,0
DA:47,0
DA:48,0
DA:49,0
DA:50,0
LF:13
LH:0
end_of_record
SF:lib\core\util\dialogs\info_dialog.dart
DA:15,4
DA:23,4
DA:25,4
DA:26,12
DA:27,8
DA:28,4
DA:29,4
DA:31,2
DA:32,2
DA:33,6
DA:35,4
DA:37,4
DA:38,4
DA:39,12
DA:61,4
DA:68,4
DA:71,8
DA:76,8
DA:77,0
LF:19
LH:18
end_of_record
SF:lib\core\util\dialogs\loading_dialog.dart
DA:11,0
DA:13,0
DA:17,0
DA:19,0
DA:22,0
DA:23,0
DA:24,0
DA:27,0
DA:50,5
DA:51,5
LF:10
LH:2
end_of_record
SF:lib\core\util\logger\logger.dart
DA:14,6
DA:16,6
DA:17,6
DA:18,12
DA:26,6
DA:27,12
DA:29,12
DA:31,6
DA:42,6
DA:43,18
DA:47,6
DA:53,12
DA:56,5
DA:62,10
DA:65,1
DA:71,2
DA:74,0
DA:80,0
DA:83,0
DA:89,0
DA:92,0
DA:98,0
LF:22
LH:16
end_of_record
SF:lib\features\user_settings\presentation\pages\user_settings_page.dart
DA:13,13
DA:15,0
DA:17,0
DA:18,0
DA:19,0
DA:21,0
DA:22,0
DA:23,0
DA:24,0
DA:25,0
DA:28,0
DA:29,0
DA:31,0
DA:33,0
DA:34,0
DA:35,0
DA:36,0
DA:37,0
DA:38,0
DA:39,0
DA:40,0
DA:41,0
DA:42,0
DA:45,0
DA:46,0
DA:47,0
DA:48,0
DA:49,0
DA:53,0
DA:54,0
DA:55,0
DA:56,0
DA:57,0
DA:58,0
DA:59,0
DA:60,0
DA:61,0
DA:62,0
DA:63,0
DA:66,0
DA:67,0
DA:68,0
DA:70,0
DA:74,0
DA:76,0
DA:84,0
DA:85,0
DA:86,0
DA:87,0
DA:88,0
DA:89,0
DA:90,0
DA:91,0
DA:92,0
DA:96,0
DA:97,0
DA:98,0
DA:102,0
DA:103,0
DA:104,0
DA:115,0
DA:116,0
DA:117,0
DA:118,0
DA:119,0
DA:121,0
DA:124,0
DA:125,0
DA:127,0
DA:128,0
DA:132,0
DA:134,0
LF:72
LH:1
end_of_record
SF:lib\core\extentions\icon_extension.dart
DA:5,0
DA:6,0
DA:8,0
DA:13,0
DA:14,0
DA:16,0
LF:6
LH:0
end_of_record
SF:lib\core\extentions\string_extension.dart
DA:23,5
DA:24,5
DA:25,15
DA:27,0
DA:29,0
DA:32,0
LF:6
LH:3
end_of_record
SF:lib\core\extentions\theme_mode_extension.dart
DA:4,0
DA:6,0
DA:8,0
DA:10,0
LF:4
LH:0
end_of_record
SF:lib\core\util\color_util.dart
DA:4,5
DA:5,20
LF:2
LH:2
end_of_record
SF:lib\core\util\datetime_util.dart
DA:2,2
DA:5,2
DA:6,2
DA:7,2
DA:9,1
DA:10,1
DA:12,1
DA:15,1
DA:18,2
DA:19,3
DA:22,6
DA:24,1
DA:25,1
DA:28,1
DA:29,2
DA:31,4
DA:32,1
DA:38,1
DA:39,3
DA:41,1
DA:54,1
LF:21
LH:21
end_of_record
SF:lib\core\widgets\app_slogan.dart
DA:6,13
DA:10,2
DA:12,2
DA:13,2
DA:15,2
DA:18,2
DA:19,4
DA:20,2
LF:8
LH:8
end_of_record
SF:lib\core\widgets\divider_with_label.dart
DA:5,2
DA:7,2
DA:9,8
DA:10,2
DA:13,2
DA:14,2
DA:16,2
DA:17,2
DA:18,4
DA:21,2
LF:10
LH:10
end_of_record
SF:lib\core\widgets\editable_list_tile.dart
DA:9,0
DA:17,0
DA:18,0
DA:24,0
DA:26,0
DA:28,0
DA:29,0
DA:30,0
DA:31,0
DA:32,0
DA:35,0
DA:36,0
DA:37,0
DA:38,0
DA:39,0
DA:41,0
DA:42,0
DA:45,0
DA:46,0
DA:47,0
DA:48,0
DA:56,0
DA:57,0
DA:58,0
DA:59,0
LF:25
LH:0
end_of_record
SF:lib\core\widgets\form\form_widgets\form_date_picker.dart
DA:10,2
DA:19,2
DA:20,2
DA:27,1
DA:28,1
DA:29,1
DA:30,1
DA:31,1
DA:32,1
DA:35,1
DA:38,2
DA:39,2
DA:40,8
DA:41,8
DA:43,2
DA:46,2
DA:48,10
DA:50,6
DA:51,2
DA:54,2
DA:56,2
DA:57,4
DA:58,2
DA:59,4
DA:60,8
DA:61,2
DA:62,2
DA:64,4
DA:69,2
LF:29
LH:29
end_of_record
SF:lib\core\widgets\form\form_widgets\form_drop_down_menu_button.dart
DA:12,4
DA:22,4
DA:23,4
DA:29,2
DA:30,4
DA:31,2
DA:32,6
DA:36,4
DA:37,8
DA:40,20
DA:41,0
DA:42,0
DA:46,4
DA:48,20
DA:50,4
DA:51,12
DA:52,4
DA:55,4
DA:57,12
DA:58,2
DA:59,4
DA:60,2
DA:63,4
DA:66,4
DA:67,8
DA:68,4
DA:69,8
DA:70,4
DA:72,4
DA:75,3
DA:76,12
DA:79,3
DA:80,3
DA:81,6
DA:86,3
DA:87,6
DA:88,3
DA:90,3
DA:96,4
LF:39
LH:37
end_of_record
SF:lib\core\widgets\form\form_widgets\form_field.dart
DA:14,4
DA:26,4
DA:28,12
DA:30,4
DA:31,4
DA:32,4
DA:33,4
DA:35,4
DA:36,12
DA:37,4
DA:38,16
DA:39,12
DA:41,4
DA:42,24
DA:47,4
DA:48,4
DA:49,3
DA:50,3
DA:52,3
DA:53,0
LF:20
LH:19
end_of_record
SF:lib\core\widgets\form\form_widgets\form_modal_bottom_sheet.dart
DA:10,4
DA:16,0
DA:17,0
DA:19,0
DA:20,0
DA:21,0
DA:26,8
DA:27,4
DA:28,4
DA:35,4
DA:40,4
DA:42,12
DA:43,4
DA:46,4
DA:47,16
DA:48,4
DA:49,4
DA:50,12
DA:55,4
DA:58,4
DA:59,4
DA:61,12
LF:22
LH:17
end_of_record
SF:lib\core\widgets\form\form_widgets\form_title.dart
DA:9,4
DA:17,4
DA:19,16
DA:20,4
DA:22,4
DA:23,4
DA:24,4
DA:25,12
DA:28,4
DA:30,2
DA:31,4
DA:32,2
DA:33,4
LF:13
LH:13
end_of_record
SF:lib\features\auth\data\auth_data.dart
DA:9,5
DA:27,5
DA:29,5
DA:30,10
DA:32,0
DA:34,0
DA:37,0
DA:39,0
DA:40,0
DA:41,0
DA:45,0
DA:50,0
DA:52,0
DA:55,0
DA:56,0
DA:62,0
DA:67,0
DA:68,0
DA:72,0
DA:76,0
DA:79,0
DA:81,0
LF:22
LH:4
end_of_record
SF:lib\features\kanban\data\cloud_firestore\firestore_references.dart
DA:7,7
DA:24,7
DA:29,7
DA:31,21
DA:33,7
DA:35,21
DA:37,6
DA:39,18
DA:41,5
DA:43,15
LF:10
LH:10
end_of_record
SF:lib\features\kanban\data\data_sources\board_data_source.dart
DA:7,6
DA:16,6
DA:17,6
DA:19,4
DA:21,12
DA:24,6
DA:26,24
DA:29,6
DA:31,18
DA:32,24
DA:36,6
DA:37,12
DA:40,24
DA:41,6
LF:14
LH:14
end_of_record
SF:lib\features\kanban\data\models\board_model.dart
DA:4,6
DA:6,0
DA:7,0
DA:8,0
DA:9,0
DA:13,0
DA:14,0
DA:15,0
DA:16,0
DA:20,2
DA:21,6
DA:24,5
LF:12
LH:4
end_of_record
SF:lib\features\kanban\data\data_sources\task_data_source.dart
DA:8,6
DA:31,6
DA:32,6
DA:34,3
DA:36,6
DA:39,11
DA:41,12
DA:45,3
DA:47,12
DA:48,6
DA:50,12
DA:53,6
DA:55,24
DA:56,24
DA:59,6
DA:60,24
DA:62,3
DA:64,12
DA:65,6
DA:67,12
DA:68,3
DA:69,3
DA:73,2
DA:75,8
DA:76,4
DA:77,6
DA:79,8
LF:27
LH:27
end_of_record
SF:lib\features\kanban\data\models\task_model.dart
DA:6,5
DA:19,3
DA:20,6
DA:22,6
DA:23,3
DA:26,3
DA:27,3
DA:28,3
DA:29,3
DA:30,3
DA:31,3
DA:32,3
DA:33,6
DA:34,3
DA:35,4
DA:36,3
DA:37,4
DA:41,5
DA:42,5
DA:43,5
DA:44,5
DA:45,5
DA:46,5
DA:47,5
DA:48,10
DA:49,5
DA:50,9
DA:51,5
DA:53,9
DA:57,5
DA:58,5
DA:59,5
DA:60,5
DA:61,5
DA:62,5
DA:63,5
DA:64,5
DA:65,5
DA:66,5
DA:67,5
DA:68,5
DA:72,0
DA:76,0
DA:78,3
DA:91,3
DA:92,3
DA:93,3
DA:94,3
DA:95,3
DA:96,3
DA:97,3
DA:98,3
DA:99,3
DA:100,3
DA:101,3
LF:55
LH:53
end_of_record
SF:lib\features\kanban\domain\entities\board_entity.dart
DA:2,7
DA:7,3
DA:8,3
DA:9,2
DA:10,3
DA:14,12
DA:15,6
DA:16,6
DA:19,6
DA:20,12
DA:22,2
DA:23,6
DA:25,0
DA:26,0
LF:14
LH:12
end_of_record
SF:lib\features\kanban\domain\constants\enum\task_importance.dart
DA:6,3
DA:7,3
DA:8,3
DA:10,3
LF:4
LH:4
end_of_record
SF:lib\features\kanban\domain\entities\task_entity.dart
DA:15,7
DA:28,2
DA:40,2
DA:41,2
DA:42,1
DA:43,2
DA:44,2
DA:45,2
DA:46,2
DA:47,2
DA:48,2
DA:49,2
DA:50,2
DA:54,8
DA:55,4
DA:56,4
DA:57,4
DA:58,4
DA:59,4
DA:60,4
DA:61,4
DA:62,4
DA:63,4
DA:64,4
DA:67,4
DA:68,8
DA:70,3
DA:71,9
DA:73,4
DA:74,8
LF:30
LH:30
end_of_record
SF:lib\features\kanban\data\repositories\board_repository_impl.dart
DA:9,5
DA:11,3
DA:13,6
DA:14,9
DA:15,3
DA:18,5
DA:20,15
DA:21,25
DA:25,3
DA:27,3
DA:28,5
DA:29,4
DA:31,6
LF:13
LH:13
end_of_record
SF:lib\features\kanban\data\repositories\task_repository_impl.dart
DA:7,5
DA:10,1
DA:12,3
DA:15,5
DA:17,10
DA:20,2
DA:22,6
DA:25,1
DA:27,3
DA:30,2
DA:32,4
DA:33,2
DA:34,2
LF:13
LH:13
end_of_record
SF:lib\features\kanban\domain\exceptions\kanban_exception.dart
DA:4,2
DA:8,2
DA:12,1
DA:16,1
LF:4
LH:4
end_of_record
SF:lib\features\kanban\domain\usecases\board\create_board.dart
DA:6,6
DA:11,3
DA:12,7
DA:14,9
DA:16,6
DA:18,6
DA:20,6
DA:22,6
DA:25,3
DA:26,13
DA:29,3
DA:30,15
DA:31,2
LF:13
LH:13
end_of_record
SF:lib\features\kanban\domain\usecases\board\create_initial_board.dart
DA:5,5
DA:7,8
LF:2
LH:2
end_of_record
SF:lib\features\kanban\domain\usecases\board\delete_board.dart
DA:9,5
DA:11,2
DA:12,4
DA:14,10
DA:16,4
DA:18,4
DA:21,2
DA:22,4
DA:24,2
DA:25,2
DA:26,2
DA:28,2
DA:29,4
LF:13
LH:13
end_of_record
SF:lib\features\kanban\domain\usecases\board\read_boards.dart
DA:7,5
DA:9,15
LF:2
LH:2
end_of_record
SF:lib\features\kanban\domain\usecases\board\rename_board.dart
DA:12,5
DA:16,2
DA:17,2
DA:18,4
DA:20,6
DA:22,2
DA:24,2
DA:26,6
DA:27,8
DA:29,4
DA:30,2
DA:31,6
DA:35,2
DA:36,10
DA:37,0
DA:41,2
DA:45,4
DA:47,2
DA:48,0
DA:49,0
DA:52,2
DA:53,2
DA:55,4
DA:56,2
LF:24
LH:21
end_of_record
SF:lib\features\kanban\domain\usecases\board\update_board_index.dart
DA:6,5
DA:11,1
DA:12,2
DA:14,3
DA:16,1
DA:18,3
DA:20,1
DA:22,2
DA:24,1
DA:26,2
DA:28,3
DA:31,1
DA:32,4
LF:13
LH:13
end_of_record
SF:lib\features\kanban\domain\usecases\task\create_task.dart
DA:9,5
DA:11,1
DA:12,2
DA:14,4
DA:16,3
LF:5
LH:5
end_of_record
SF:lib\features\kanban\domain\usecases\task\delete_task.dart
DA:7,5
DA:9,1
DA:10,2
DA:11,3
DA:13,2
LF:5
LH:5
end_of_record
SF:lib\features\kanban\domain\usecases\task\get_task_stream.dart
DA:7,5
DA:9,15
LF:2
LH:2
end_of_record
SF:lib\features\kanban\domain\usecases\task\update_task.dart
DA:7,5
DA:9,1
DA:10,3
DA:11,2
DA:13,3
LF:5
LH:5
end_of_record
SF:lib\features\kanban\domain\usecases\task\update_task_assignee_uid.dart
DA:7,5
DA:9,0
DA:10,0
DA:12,0
DA:13,0
LF:5
LH:1
end_of_record
SF:lib\features\kanban\domain\usecases\task\update_task_importance.dart
DA:8,5
DA:10,1
DA:11,2
DA:13,1
DA:14,2
LF:5
LH:5
end_of_record
SF:lib\features\kanban\domain\usecases\task\update_task_status.dart
DA:7,5
DA:9,0
DA:10,0
DA:12,0
DA:13,0
LF:5
LH:1
end_of_record
SF:lib\features\kanban\util\parse_tasklist_into_taskmap.dart
DA:4,5
DA:8,5
DA:10,10
DA:11,15
DA:14,7
DA:15,6
LF:6
LH:6
end_of_record
SF:lib\features\kanban\presentation\extensions\task_importance_ui_extension.dart
DA:5,2
DA:7,2
DA:9,2
DA:11,2
DA:16,2
DA:18,2
DA:19,2
DA:20,2
DA:21,2
DA:22,2
LF:10
LH:10
end_of_record
SF:lib\features\kanban\presentation\widgets\form\board_form.dart
DA:11,2
DA:16,2
DA:19,2
DA:20,2
DA:33,2
DA:35,2
DA:36,2
DA:45,0
DA:46,2
DA:47,6
DA:49,6
DA:51,6
DA:54,1
DA:55,3
DA:57,2
DA:59,2
DA:60,1
DA:61,1
DA:62,4
DA:63,4
DA:67,1
DA:69,5
DA:72,2
DA:73,2
DA:74,2
DA:75,2
DA:76,2
DA:77,1
DA:78,2
DA:79,2
DA:83,1
DA:84,2
DA:85,3
DA:89,2
DA:91,2
DA:92,6
DA:93,6
DA:95,8
DA:98,2
DA:100,6
DA:101,2
DA:102,2
DA:104,2
DA:106,2
DA:108,2
DA:109,4
DA:110,2
DA:112,2
DA:113,2
DA:115,2
DA:116,4
DA:120,2
DA:121,2
DA:122,2
DA:123,4
DA:124,2
DA:125,6
DA:129,2
DA:130,2
DA:131,2
DA:132,2
DA:133,12
DA:134,4
DA:135,10
DA:137,6
DA:138,10
DA:140,2
DA:141,2
DA:142,2
DA:143,4
DA:144,2
DA:145,6
DA:147,2
DA:148,6
DA:149,4
DA:150,0
DA:159,2
DA:161,2
DA:162,2
DA:164,2
DA:165,2
DA:166,6
DA:167,6
DA:171,8
DA:172,8
DA:174,2
DA:176,6
DA:177,4
DA:182,2
LF:89
LH:87
end_of_record
SF:lib\features\kanban\presentation\widgets\form\task_form.dart
DA:16,2
DA:18,2
DA:19,2
DA:21,2
DA:22,2
DA:23,2
DA:36,2
DA:38,2
DA:39,2
DA:51,0
DA:53,1
DA:54,3
DA:55,2
DA:56,4
DA:58,3
DA:61,1
DA:62,2
DA:64,2
DA:66,1
DA:67,1
DA:68,4
DA:69,4
DA:72,1
DA:74,5
DA:77,1
DA:78,2
DA:79,3
DA:83,2
DA:84,2
DA:85,2
DA:86,1
DA:87,2
DA:88,1
DA:89,2
DA:90,2
DA:94,2
DA:96,2
DA:98,8
DA:99,6
DA:100,6
DA:101,6
DA:104,2
DA:106,2
DA:107,4
DA:108,6
DA:110,2
DA:112,2
DA:113,2
DA:114,2
DA:115,4
DA:116,2
DA:118,2
DA:119,2
DA:121,2
DA:122,3
DA:126,2
DA:127,2
DA:128,2
DA:129,4
DA:130,2
DA:131,6
DA:135,2
DA:136,2
DA:137,2
DA:138,4
DA:140,2
DA:141,6
DA:155,2
DA:156,2
DA:157,2
DA:158,6
DA:159,8
DA:160,2
DA:161,6
DA:162,2
DA:165,2
DA:167,2
DA:168,2
DA:169,2
DA:170,2
DA:171,2
DA:172,2
DA:174,2
DA:175,4
DA:176,10
DA:177,2
DA:178,6
DA:187,2
DA:188,2
DA:190,2
DA:191,4
DA:192,2
DA:193,6
DA:199,2
DA:201,2
DA:202,8
DA:207,2
DA:209,2
DA:210,8
DA:215,2
DA:217,2
DA:218,2
DA:220,2
DA:221,2
DA:222,6
DA:223,6
DA:227,7
DA:228,7
DA:230,2
DA:232,5
DA:233,4
DA:238,2
LF:112
LH:111
end_of_record
SF:lib\features\kanban\presentation\widgets\kanban\kanban_board.dart
DA:15,5
DA:21,5
DA:23,20
DA:26,20
DA:28,5
DA:30,5
DA:33,5
DA:34,15
DA:35,5
DA:36,5
DA:37,15
DA:40,5
DA:41,5
DA:42,10
DA:43,5
DA:44,5
DA:45,5
DA:52,5
DA:53,5
DA:54,5
DA:56,5
DA:57,5
DA:60,0
DA:61,0
DA:62,0
DA:63,0
DA:64,0
DA:74,5
DA:75,1
DA:95,2
DA:96,5
LF:31
LH:26
end_of_record
SF:lib\features\kanban\presentation\widgets\kanban\board_drag_target.dart
DA:15,5
DA:23,5
DA:25,22
DA:26,5
DA:27,5
DA:28,5
DA:29,0
DA:30,0
DA:31,0
DA:32,0
DA:35,5
DA:36,5
DA:37,16
DA:39,2
DA:42,2
DA:43,4
DA:44,2
DA:45,2
DA:46,2
LF:19
LH:15
end_of_record
SF:lib\features\kanban\presentation\widgets\kanban\kanban_tile.dart
DA:17,2
DA:24,2
DA:26,2
DA:28,2
DA:31,6
DA:33,2
DA:34,2
DA:35,2
DA:39,2
DA:40,2
DA:41,2
DA:42,2
DA:43,2
DA:44,2
DA:46,2
DA:62,2
DA:65,2
DA:67,2
DA:68,8
DA:71,2
DA:72,2
DA:74,2
DA:76,0
DA:77,0
DA:78,0
DA:80,0
DA:82,2
DA:83,6
DA:84,2
DA:85,8
DA:87,2
DA:89,2
DA:91,2
DA:92,2
DA:93,2
DA:95,4
DA:97,4
DA:100,2
DA:103,6
DA:104,4
DA:114,2
DA:117,2
DA:119,0
DA:120,0
DA:123,2
DA:125,2
DA:127,2
DA:129,6
DA:130,0
DA:132,0
DA:133,0
DA:134,0
DA:136,0
DA:162,1
DA:165,1
DA:167,1
DA:169,1
DA:170,1
DA:172,3
DA:175,1
DA:176,1
DA:177,2
DA:178,1
DA:179,3
DA:187,2
DA:190,2
DA:192,1
DA:193,4
DA:196,2
DA:199,2
DA:201,2
DA:202,6
DA:203,6
DA:205,6
DA:206,1
DA:207,1
DA:208,1
DA:209,1
DA:210,1
DA:211,1
DA:212,1
DA:213,1
DA:214,1
DA:217,2
DA:220,2
DA:230,2
DA:233,2
DA:235,2
DA:237,2
DA:238,4
DA:241,6
DA:243,4
DA:245,1
DA:246,2
LF:94
LH:83
end_of_record
SF:lib\features\kanban\presentation\widgets\kanban\kanban_add_task_button.dart
DA:6,5
DA:8,5
DA:10,5
DA:11,5
DA:13,5
DA:15,5
DA:17,15
DA:18,5
LF:8
LH:8
end_of_record
SF:lib\features\kanban\presentation\widgets\kanban\kanban_board_title.dart
DA:12,5
DA:14,5
DA:15,5
DA:23,5
DA:25,1
DA:26,2
DA:28,5
DA:30,1
DA:31,2
DA:34,1
DA:35,2
DA:37,1
DA:38,1
DA:39,4
DA:40,4
DA:44,1
DA:46,5
DA:49,1
DA:50,1
DA:51,2
DA:52,1
DA:57,5
DA:60,5
DA:62,5
DA:63,15
DA:66,5
DA:68,5
DA:69,5
DA:70,1
DA:72,1
DA:73,1
DA:74,1
DA:76,1
DA:79,1
DA:81,1
DA:86,1
DA:87,3
DA:89,0
DA:90,0
DA:95,5
DA:97,5
DA:102,5
DA:103,15
DA:104,15
DA:107,5
DA:109,5
DA:110,2
DA:111,2
DA:112,2
DA:113,2
DA:114,4
DA:116,2
DA:117,2
DA:118,4
DA:120,2
DA:121,2
DA:122,4
LF:57
LH:55
end_of_record
SF:lib\features\kanban\util\draggable_scroll_controller.dart
DA:9,0
DA:46,2
DA:53,4
DA:54,4
DA:55,4
DA:56,6
DA:57,4
DA:59,0
DA:60,0
DA:66,0
DA:67,0
DA:68,0
DA:69,0
DA:71,0
DA:72,0
DA:75,0
DA:77,0
DA:80,0
DA:82,0
DA:83,0
DA:85,0
DA:89,0
DA:90,0
DA:91,0
DA:93,0
DA:95,0
DA:96,0
DA:97,0
DA:98,0
DA:99,0
DA:102,0
DA:105,0
DA:107,0
LF:33
LH:6
end_of_record
SF:lib\features\user_settings\data\user_settings_data_source.dart
DA:9,5
DA:21,5
DA:22,5
DA:24,5
DA:25,15
DA:27,5
DA:29,15
DA:30,5
DA:32,2
DA:35,5
DA:37,25
DA:40,5
DA:42,25
DA:43,10
DA:44,5
DA:48,0
DA:50,0
DA:51,0
DA:52,0
LF:19
LH:15
end_of_record
SF:lib\features\user_settings\domain\entities\user_settings.dart
DA:11,6
DA:19,5
DA:20,5
DA:21,5
DA:22,5
DA:23,15
DA:24,5
DA:25,10
DA:29,5
DA:30,5
DA:31,5
DA:32,5
DA:33,10
DA:34,5
DA:35,10
DA:40,0
DA:44,0
DA:46,5
DA:47,10
LF:19
LH:17
end_of_record
SF:lib\injection_container.dart
DA:26,15
DA:28,5
DA:34,20
DA:35,30
DA:36,30
DA:37,20
DA:38,10
DA:39,10
DA:40,10
DA:41,10
DA:42,10
DA:43,10
DA:45,20
DA:46,10
DA:47,10
DA:48,10
DA:49,10
DA:50,10
DA:51,10
DA:52,10
DA:55,40
DA:56,30
DA:57,30
DA:58,30
DA:59,30
DA:60,30
DA:61,30
DA:64,30
DA:65,30
DA:66,10
DA:67,30
DA:68,30
DA:69,10
DA:70,30
DA:71,30
DA:74,10
DA:75,20
DA:76,10
DA:77,20
DA:80,10
DA:81,20
DA:82,10
DA:83,20
DA:84,10
DA:85,10
DA:86,10
DA:87,20
DA:90,15
DA:91,5
LF:49
LH:49
end_of_record
SF:lib\features\auth\data\auth_data_exception.dart
LF:0
LH:0
end_of_record
SF:lib\features\kanban\util\compare_task_maps.dart
DA:4,1
DA:6,1
DA:7,1
DA:10,1
DA:11,3
DA:12,3
DA:14,1
DA:17,1
DA:19,3
LF:9
LH:9
end_of_record
SF:lib\features\kanban\util\flatten_task_map.dart
DA:6,2
DA:7,2
DA:8,4
DA:9,4
DA:10,6
DA:13,2
DA:16,0
DA:17,0
DA:18,0
DA:19,0
DA:20,0
DA:21,0
DA:25,0
DA:28,0
DA:29,0
DA:31,0
DA:32,0
DA:33,0
DA:34,0
DA:35,0
LF:20
LH:6
end_of_record
